<?xml version="1.0" encoding="UTF-8"?>
<!-- Generated by org.testng.reporters.JUnitReportReporter -->
<testsuite hostname="DESKTOP-EMIR5EJ" failures="0" tests="2" name="Datadriven.Datadriventest" time="22.683" errors="0" timestamp="2022-10-07T22:05:38 CDT" skipped="0">
  <testcase classname="Datadriven.Datadriventest" name="loginTest" time="10.570"/>
  <system-out/>
  <testcase classname="Datadriven.Datadriventest" name="loginTest" time="12.113"/>
  <system-out/>
</testsuite> <!-- Datadriven.Datadriventest -->
